Mar-21 09:08:18.775 [main] DEBUG nextflow.cli.Launcher - $> nextflow run output_file.nf
Mar-21 09:08:19.010 [main] INFO  nextflow.cli.CmdRun - N E X T F L O W  ~  version 20.01.0
Mar-21 09:08:19.028 [main] INFO  nextflow.cli.CmdRun - Launching `output_file.nf` [agitated_golick] - revision: 7751ee3475
Mar-21 09:08:19.194 [main] DEBUG nextflow.Session - Session uuid: 2cd497e8-cf23-46ff-9298-947bc72f6c34
Mar-21 09:08:19.194 [main] DEBUG nextflow.Session - Run name: agitated_golick
Mar-21 09:08:19.198 [main] DEBUG nextflow.Session - Executor pool size: 8
Mar-21 09:08:19.255 [main] DEBUG nextflow.cli.CmdRun - 
  Version: 20.01.0 build 5264
  Created: 12-02-2020 10:14 UTC (05:14 EDT)
  System: Linux 4.15.0-20-generic
  Runtime: Groovy 2.5.8 on OpenJDK 64-Bit Server VM 11.0.6+10-post-Ubuntu-1ubuntu118.04.1
  Encoding: UTF-8 (UTF-8)
  Process: 20565@yuan-desktop [127.0.1.1]
  CPUs: 8 - Mem: 15.6 GB (3.3 GB) - Swap: 372.5 GB (372.5 GB)
Mar-21 09:08:19.306 [main] DEBUG nextflow.Session - Work-dir: /home/yuan/project/nextflow/nf_process/work [ext2/ext3]
Mar-21 09:08:19.307 [main] DEBUG nextflow.Session - Script base path does not exist or is not a directory: /home/yuan/project/nextflow/nf_process/bin
Mar-21 09:08:19.345 [main] DEBUG nextflow.Session - Observer factory: TowerFactory
Mar-21 09:08:19.350 [main] DEBUG nextflow.Session - Observer factory: DefaultObserverFactory
Mar-21 09:08:19.635 [main] DEBUG nextflow.Session - Session start invoked
Mar-21 09:08:20.171 [main] DEBUG nextflow.script.ScriptRunner - > Launching execution
Mar-21 09:08:20.193 [main] DEBUG nextflow.Session - Workflow process names [dsl1]: step1
Mar-21 09:08:20.194 [main] WARN  nextflow.script.BaseScript - The use of `echo` method is deprecated
Mar-21 09:08:20.295 [main] DEBUG nextflow.executor.ExecutorFactory - << taskConfig executor: null
Mar-21 09:08:20.295 [main] DEBUG nextflow.executor.ExecutorFactory - >> processorType: 'local'
Mar-21 09:08:20.303 [main] DEBUG nextflow.executor.Executor - [warm up] executor > local
Mar-21 09:08:20.310 [main] DEBUG n.processor.LocalPollingMonitor - Creating local task monitor for executor 'local' > cpus=8; memory=15.6 GB; capacity=8; pollInterval=100ms; dumpInterval=5m
Mar-21 09:08:20.441 [main] DEBUG nextflow.processor.TaskProcessor - Creating operator > step1 -- maxForks: 8; blocking: false
Mar-21 09:08:20.561 [main] DEBUG nextflow.script.ScriptRunner - > Await termination 
Mar-21 09:08:20.562 [main] DEBUG nextflow.Session - Session await
Mar-21 09:08:20.749 [Task submitter] DEBUG nextflow.executor.LocalTaskHandler - Launch cmd line: /bin/bash -ue .command.run
Mar-21 09:08:20.757 [Task submitter] INFO  nextflow.Session - [47/f59668] Submitted process > step1
Mar-21 09:08:20.799 [Task monitor] DEBUG n.processor.TaskPollingMonitor - Task completed > TaskHandler[id: 1; name: step1; status: COMPLETED; exit: 0; error: -; workDir: /home/yuan/project/nextflow/nf_process/work/47/f59668668421e571d3ba38440f8f18]
Mar-21 09:08:20.831 [main] DEBUG nextflow.Session - Session await > all process finished
Mar-21 09:08:20.880 [main] DEBUG nextflow.Session - Session await > all barriers passed
Mar-21 09:08:21.045 [Actor Thread 1] DEBUG nextflow.sort.BigSort - Sort completed -- entries: 1; slices: 1; internal sort time: 0.001 s; external sort time: 0.022 s; total time: 0.023 s
Mar-21 09:08:21.079 [Actor Thread 1] DEBUG nextflow.file.FileCollector - Saved collect-files list to: /tmp/19c410132cc40f65bbfa31b8371f5b0b.collect-file
Mar-21 09:08:21.103 [Actor Thread 1] DEBUG nextflow.file.FileCollector - Deleting file collector temp dir: /tmp/nxf-11018023167923618743
Mar-21 09:08:21.111 [main] DEBUG nextflow.trace.WorkflowStatsObserver - Workflow completed > WorkflowStats[succeededCount=1; failedCount=0; ignoredCount=0; cachedCount=0; pendingCount=0; submittedCount=0; runningCount=0; retriesCount=0; abortedCount=0; succeedDuration=10ms; failedDuration=0ms; cachedDuration=0ms;loadCpus=0; loadMemory=0; peakRunning=1; peakCpus=1; peakMemory=0; ]
Mar-21 09:08:21.125 [main] DEBUG nextflow.CacheDB - Closing CacheDB done
Mar-21 09:08:21.170 [main] DEBUG nextflow.script.ScriptRunner - > Execution complete -- Goodbye
