Mar-21 09:07:00.704 [main] DEBUG nextflow.cli.Launcher - $> nextflow run nf_process/output_file.nf
Mar-21 09:07:00.859 [main] INFO  nextflow.cli.CmdRun - N E X T F L O W  ~  version 20.01.0
Mar-21 09:07:00.874 [main] INFO  nextflow.cli.CmdRun - Launching `nf_process/output_file.nf` [tiny_brown] - revision: 7751ee3475
Mar-21 09:07:01.011 [main] DEBUG nextflow.Session - Session uuid: d8a8cb11-9fe4-4f67-a86d-3eddf595a28a
Mar-21 09:07:01.011 [main] DEBUG nextflow.Session - Run name: tiny_brown
Mar-21 09:07:01.014 [main] DEBUG nextflow.Session - Executor pool size: 8
Mar-21 09:07:01.062 [main] DEBUG nextflow.cli.CmdRun - 
  Version: 20.01.0 build 5264
  Created: 12-02-2020 10:14 UTC (05:14 EDT)
  System: Linux 4.15.0-20-generic
  Runtime: Groovy 2.5.8 on OpenJDK 64-Bit Server VM 11.0.6+10-post-Ubuntu-1ubuntu118.04.1
  Encoding: UTF-8 (UTF-8)
  Process: 20434@yuan-desktop [127.0.1.1]
  CPUs: 8 - Mem: 15.6 GB (3.3 GB) - Swap: 372.5 GB (372.5 GB)
Mar-21 09:07:01.100 [main] DEBUG nextflow.Session - Work-dir: /home/yuan/project/nextflow/work [ext2/ext3]
Mar-21 09:07:01.100 [main] DEBUG nextflow.Session - Script base path does not exist or is not a directory: /home/yuan/project/nextflow/nf_process/bin
Mar-21 09:07:01.136 [main] DEBUG nextflow.Session - Observer factory: TowerFactory
Mar-21 09:07:01.140 [main] DEBUG nextflow.Session - Observer factory: DefaultObserverFactory
Mar-21 09:07:01.454 [main] DEBUG nextflow.Session - Session start invoked
Mar-21 09:07:02.017 [main] DEBUG nextflow.script.ScriptRunner - > Launching execution
Mar-21 09:07:02.046 [main] DEBUG nextflow.Session - Workflow process names [dsl1]: step1
Mar-21 09:07:02.047 [main] WARN  nextflow.script.BaseScript - The use of `echo` method is deprecated
Mar-21 09:07:02.174 [main] DEBUG nextflow.executor.ExecutorFactory - << taskConfig executor: null
Mar-21 09:07:02.175 [main] DEBUG nextflow.executor.ExecutorFactory - >> processorType: 'local'
Mar-21 09:07:02.183 [main] DEBUG nextflow.executor.Executor - [warm up] executor > local
Mar-21 09:07:02.190 [main] DEBUG n.processor.LocalPollingMonitor - Creating local task monitor for executor 'local' > cpus=8; memory=15.6 GB; capacity=8; pollInterval=100ms; dumpInterval=5m
Mar-21 09:07:02.339 [main] DEBUG nextflow.processor.TaskProcessor - Creating operator > step1 -- maxForks: 8; blocking: false
Mar-21 09:07:02.470 [main] DEBUG nextflow.script.ScriptRunner - > Await termination 
Mar-21 09:07:02.470 [main] DEBUG nextflow.Session - Session await
Mar-21 09:07:02.644 [Task submitter] DEBUG nextflow.executor.LocalTaskHandler - Launch cmd line: /bin/bash -ue .command.run
Mar-21 09:07:02.654 [Task submitter] INFO  nextflow.Session - [53/93cad1] Submitted process > step1
Mar-21 09:07:02.695 [Task monitor] DEBUG n.processor.TaskPollingMonitor - Task completed > TaskHandler[id: 1; name: step1; status: COMPLETED; exit: 0; error: -; workDir: /home/yuan/project/nextflow/work/53/93cad1a9221aca6299403f952bce19]
Mar-21 09:07:02.721 [main] DEBUG nextflow.Session - Session await > all process finished
Mar-21 09:07:02.724 [main] DEBUG nextflow.Session - Session await > all barriers passed
Mar-21 09:07:02.954 [Actor Thread 1] DEBUG nextflow.sort.BigSort - Sort completed -- entries: 1; slices: 1; internal sort time: 0.001 s; external sort time: 0.022 s; total time: 0.023 s
Mar-21 09:07:02.993 [Actor Thread 1] DEBUG nextflow.file.FileCollector - Saved collect-files list to: /tmp/204865024faa8a1410d6ecf2cb304af3.collect-file
Mar-21 09:07:03.016 [Actor Thread 1] DEBUG nextflow.file.FileCollector - Deleting file collector temp dir: /tmp/nxf-15295497699089249188
Mar-21 09:07:03.024 [main] DEBUG nextflow.trace.WorkflowStatsObserver - Workflow completed > WorkflowStats[succeededCount=1; failedCount=0; ignoredCount=0; cachedCount=0; pendingCount=0; submittedCount=0; runningCount=0; retriesCount=0; abortedCount=0; succeedDuration=7ms; failedDuration=0ms; cachedDuration=0ms;loadCpus=0; loadMemory=0; peakRunning=1; peakCpus=1; peakMemory=0; ]
Mar-21 09:07:03.143 [main] DEBUG nextflow.CacheDB - Closing CacheDB done
Mar-21 09:07:03.162 [main] DEBUG nextflow.script.ScriptRunner - > Execution complete -- Goodbye
