Jul-25 11:56:21.042 [main] DEBUG nextflow.cli.Launcher - $> nextflow run printList.nf
Jul-25 11:56:21.119 [main] DEBUG nextflow.cli.CmdRun - N E X T F L O W  ~  version 24.04.3
Jul-25 11:56:21.132 [main] DEBUG nextflow.plugin.PluginsFacade - Setting up plugin manager > mode=prod; embedded=false; plugins-dir=/home/yuan/.nextflow/plugins; core-plugins: nf-amazon@2.5.2,nf-azure@1.6.0,nf-cloudcache@0.4.1,nf-codecommit@0.2.0,nf-console@1.1.3,nf-ga4gh@1.3.0,nf-google@1.13.2-patch1,nf-tower@1.9.1,nf-wave@1.4.2
Jul-25 11:56:21.140 [main] INFO  o.pf4j.DefaultPluginStatusProvider - Enabled plugins: []
Jul-25 11:56:21.141 [main] INFO  o.pf4j.DefaultPluginStatusProvider - Disabled plugins: []
Jul-25 11:56:21.143 [main] INFO  org.pf4j.DefaultPluginManager - PF4J version 3.10.0 in 'deployment' mode
Jul-25 11:56:21.153 [main] INFO  org.pf4j.AbstractPluginManager - No plugins
Jul-25 11:56:21.195 [main] DEBUG nextflow.cli.CmdRun - Applied DSL=2 by global default
Jul-25 11:56:21.206 [main] DEBUG nextflow.cli.CmdRun - Launching `printList.nf` [loving_boyd] DSL2 - revision: df908679d0
Jul-25 11:56:21.207 [main] DEBUG nextflow.plugin.PluginsFacade - Plugins default=[]
Jul-25 11:56:21.207 [main] DEBUG nextflow.plugin.PluginsFacade - Plugins resolved requirement=[]
Jul-25 11:56:21.247 [main] DEBUG nextflow.Session - Session UUID: 302d1889-d1c4-410e-84bc-1d3d68eb7b4f
Jul-25 11:56:21.248 [main] DEBUG nextflow.Session - Run name: loving_boyd
Jul-25 11:56:21.248 [main] DEBUG nextflow.Session - Executor pool size: 24
Jul-25 11:56:21.254 [main] DEBUG nextflow.file.FilePorter - File porter settings maxRetries=3; maxTransfers=50; pollTimeout=null
Jul-25 11:56:21.259 [main] DEBUG nextflow.util.ThreadPoolBuilder - Creating thread pool 'FileTransfer' minSize=10; maxSize=72; workQueue=LinkedBlockingQueue[10000]; allowCoreThreadTimeout=false
Jul-25 11:56:21.273 [main] DEBUG nextflow.cli.CmdRun - 
  Version: 24.04.3 build 5916
  Created: 09-07-2024 19:35 UTC (15:35 EDT)
  System: Linux 6.8.0-36-generic
  Runtime: Groovy 4.0.21 on OpenJDK 64-Bit Server VM 17.0.10+7
  Encoding: UTF-8 (UTF-8)
  Process: 830032@linux-yuan [127.0.1.1]
  CPUs: 24 - Mem: 125.5 GB (3.8 GB) - Swap: 8 GB (8 GB)
Jul-25 11:56:21.289 [main] DEBUG nextflow.Session - Work-dir: /home/yuan/bio/nextflow/shell/work [ext2/ext3]
Jul-25 11:56:21.290 [main] DEBUG nextflow.Session - Script base path does not exist or is not a directory: /home/yuan/bio/nextflow/shell/bin
Jul-25 11:56:21.300 [main] DEBUG nextflow.executor.ExecutorFactory - Extension executors providers=[]
Jul-25 11:56:21.307 [main] DEBUG nextflow.Session - Observer factory: DefaultObserverFactory
Jul-25 11:56:21.330 [main] DEBUG nextflow.cache.CacheFactory - Using Nextflow cache factory: nextflow.cache.DefaultCacheFactory
Jul-25 11:56:21.342 [main] DEBUG nextflow.util.CustomThreadPool - Creating default thread pool > poolSize: 25; maxThreads: 1000
Jul-25 11:56:21.393 [main] DEBUG nextflow.Session - Session start
Jul-25 11:56:21.677 [main] DEBUG nextflow.script.ScriptRunner - > Launching execution
Jul-25 11:56:21.685 [main] DEBUG n.secret.LocalSecretsProvider - Secrets store: /home/yuan/.nextflow/secrets/store.json
Jul-25 11:56:21.691 [main] DEBUG nextflow.secret.SecretsLoader - Discovered secrets providers: [nextflow.secret.LocalSecretsProvider@60a7e509] - activable => nextflow.secret.LocalSecretsProvider@60a7e509
Jul-25 11:56:21.755 [main] DEBUG nextflow.executor.ExecutorFactory - << taskConfig executor: null
Jul-25 11:56:21.756 [main] DEBUG nextflow.executor.ExecutorFactory - >> processorType: 'local'
Jul-25 11:56:21.760 [main] DEBUG nextflow.executor.Executor - [warm up] executor > local
Jul-25 11:56:21.764 [main] DEBUG n.processor.LocalPollingMonitor - Creating local task monitor for executor 'local' > cpus=24; memory=125.5 GB; capacity=24; pollInterval=100ms; dumpInterval=5m
Jul-25 11:56:21.767 [main] DEBUG n.processor.TaskPollingMonitor - >>> barrier register (monitor: local)
Jul-25 11:56:21.825 [main] DEBUG nextflow.Session - Workflow process names [dsl2]: sayHello
Jul-25 11:56:21.825 [main] DEBUG nextflow.Session - Igniting dataflow network (2)
Jul-25 11:56:21.826 [main] DEBUG nextflow.processor.TaskProcessor - Starting process > sayHello
Jul-25 11:56:21.827 [main] DEBUG nextflow.script.ScriptRunner - Parsed script files:
  Script_f57fc6aa917fbe2c: /home/yuan/bio/nextflow/shell/printList.nf
Jul-25 11:56:21.827 [main] DEBUG nextflow.script.ScriptRunner - > Awaiting termination 
Jul-25 11:56:21.827 [main] DEBUG nextflow.Session - Session await
Jul-25 11:56:21.938 [Task submitter] DEBUG n.executor.local.LocalTaskHandler - Launch cmd line: /bin/bash -ue .command.run
Jul-25 11:56:21.939 [Task submitter] INFO  nextflow.Session - [62/cd1bb5] Submitted process > sayHello (4)
Jul-25 11:56:21.946 [Task submitter] DEBUG n.executor.local.LocalTaskHandler - Launch cmd line: /bin/bash -ue .command.run
Jul-25 11:56:21.946 [Task submitter] INFO  nextflow.Session - [7e/fb5b1c] Submitted process > sayHello (6)
Jul-25 11:56:21.950 [Task submitter] DEBUG n.executor.local.LocalTaskHandler - Launch cmd line: /bin/bash -ue .command.run
Jul-25 11:56:21.950 [Task submitter] INFO  nextflow.Session - [fa/3d98cf] Submitted process > sayHello (1)
Jul-25 11:56:21.954 [Task monitor] DEBUG n.processor.TaskPollingMonitor - Task completed > TaskHandler[id: 4; name: sayHello (4); status: COMPLETED; exit: 0; error: -; workDir: /home/yuan/bio/nextflow/shell/work/62/cd1bb5a8a014bdaa2eda16dffdfd69]
Jul-25 11:56:21.955 [Task submitter] DEBUG n.executor.local.LocalTaskHandler - Launch cmd line: /bin/bash -ue .command.run
Jul-25 11:56:21.956 [Task submitter] INFO  nextflow.Session - [2e/992576] Submitted process > sayHello (2)
Jul-25 11:56:21.956 [Task monitor] DEBUG nextflow.util.ThreadPoolBuilder - Creating thread pool 'TaskFinalizer' minSize=10; maxSize=72; workQueue=LinkedBlockingQueue[10000]; allowCoreThreadTimeout=false
Jul-25 11:56:21.959 [Task monitor] DEBUG n.processor.TaskPollingMonitor - Task completed > TaskHandler[id: 6; name: sayHello (6); status: COMPLETED; exit: 0; error: -; workDir: /home/yuan/bio/nextflow/shell/work/7e/fb5b1ce783eb25a7c62270999fbf7b]
Jul-25 11:56:21.962 [Task submitter] DEBUG n.executor.local.LocalTaskHandler - Launch cmd line: /bin/bash -ue .command.run
Jul-25 11:56:21.963 [Task submitter] INFO  nextflow.Session - [81/5d0898] Submitted process > sayHello (3)
Jul-25 11:56:21.967 [Task submitter] DEBUG n.executor.local.LocalTaskHandler - Launch cmd line: /bin/bash -ue .command.run
Jul-25 11:56:21.967 [Task submitter] INFO  nextflow.Session - [6f/512808] Submitted process > sayHello (5)
Jul-25 11:56:21.968 [Task monitor] DEBUG n.processor.TaskPollingMonitor - Task completed > TaskHandler[id: 1; name: sayHello (1); status: COMPLETED; exit: 0; error: -; workDir: /home/yuan/bio/nextflow/shell/work/fa/3d98cfe3cad31d40944c22af90c7ac]
Jul-25 11:56:21.971 [Task monitor] DEBUG n.processor.TaskPollingMonitor - Task completed > TaskHandler[id: 2; name: sayHello (2); status: COMPLETED; exit: 0; error: -; workDir: /home/yuan/bio/nextflow/shell/work/2e/992576fe4a02cd7cd94d2f89f3a5bd]
Jul-25 11:56:21.972 [Task monitor] DEBUG n.processor.TaskPollingMonitor - Task completed > TaskHandler[id: 3; name: sayHello (3); status: COMPLETED; exit: 0; error: -; workDir: /home/yuan/bio/nextflow/shell/work/81/5d08983107c5da86aa85e0c14876eb]
Jul-25 11:56:21.974 [Task monitor] DEBUG n.processor.TaskPollingMonitor - Task completed > TaskHandler[id: 5; name: sayHello (5); status: COMPLETED; exit: 0; error: -; workDir: /home/yuan/bio/nextflow/shell/work/6f/512808e22e8aee2f046cabdcb74ad2]
Jul-25 11:56:21.979 [main] DEBUG nextflow.Session - Session await > all processes finished
Jul-25 11:56:22.068 [Task monitor] DEBUG n.processor.TaskPollingMonitor - <<< barrier arrives (monitor: local) - terminating tasks monitor poll loop
Jul-25 11:56:22.068 [main] DEBUG nextflow.Session - Session await > all barriers passed
Jul-25 11:56:22.070 [main] DEBUG nextflow.util.ThreadPoolManager - Thread pool 'TaskFinalizer' shutdown completed (hard=false)
Jul-25 11:56:22.073 [main] DEBUG n.trace.WorkflowStatsObserver - Workflow completed > WorkflowStats[succeededCount=6; failedCount=0; ignoredCount=0; cachedCount=0; pendingCount=0; submittedCount=0; runningCount=0; retriesCount=0; abortedCount=0; succeedDuration=7ms; failedDuration=0ms; cachedDuration=0ms;loadCpus=0; loadMemory=0; peakRunning=6; peakCpus=6; peakMemory=0; ]
Jul-25 11:56:22.228 [main] DEBUG nextflow.cache.CacheDB - Closing CacheDB done
Jul-25 11:56:22.246 [main] DEBUG nextflow.util.ThreadPoolManager - Thread pool 'FileTransfer' shutdown completed (hard=false)
Jul-25 11:56:22.246 [main] DEBUG nextflow.script.ScriptRunner - > Execution complete -- Goodbye
