Mar-21 12:31:49.978 [main] DEBUG nextflow.cli.Launcher - $> nextflow run splitFastq.nf
Mar-21 12:31:50.152 [main] INFO  nextflow.cli.CmdRun - N E X T F L O W  ~  version 20.01.0
Mar-21 12:31:50.167 [main] INFO  nextflow.cli.CmdRun - Launching `splitFastq.nf` [berserk_brenner] - revision: 078e270ac4
Mar-21 12:31:50.319 [main] DEBUG nextflow.Session - Session uuid: 3b232dfc-3fba-4a43-b681-4b67a5893648
Mar-21 12:31:50.319 [main] DEBUG nextflow.Session - Run name: berserk_brenner
Mar-21 12:31:50.323 [main] DEBUG nextflow.Session - Executor pool size: 8
Mar-21 12:31:50.382 [main] DEBUG nextflow.cli.CmdRun - 
  Version: 20.01.0 build 5264
  Created: 12-02-2020 10:14 UTC (05:14 EDT)
  System: Linux 4.15.0-20-generic
  Runtime: Groovy 2.5.8 on OpenJDK 64-Bit Server VM 11.0.6+10-post-Ubuntu-1ubuntu118.04.1
  Encoding: UTF-8 (UTF-8)
  Process: 13031@yuan-desktop [127.0.1.1]
  CPUs: 8 - Mem: 15.6 GB (2.5 GB) - Swap: 372.5 GB (372.5 GB)
Mar-21 12:31:50.427 [main] DEBUG nextflow.Session - Work-dir: /home/yuan/project/nextflow/nf_fromFile/work [ext2/ext3]
Mar-21 12:31:50.428 [main] DEBUG nextflow.Session - Script base path does not exist or is not a directory: /home/yuan/project/nextflow/nf_fromFile/bin
Mar-21 12:31:50.479 [main] DEBUG nextflow.Session - Observer factory: TowerFactory
Mar-21 12:31:50.483 [main] DEBUG nextflow.Session - Observer factory: DefaultObserverFactory
Mar-21 12:31:50.779 [main] DEBUG nextflow.Session - Session start invoked
Mar-21 12:31:51.302 [main] DEBUG nextflow.script.ScriptRunner - > Launching execution
Mar-21 12:31:51.321 [main] DEBUG nextflow.Session - Workflow process names [dsl1]: 
Mar-21 12:31:51.322 [main] WARN  nextflow.script.BaseScript - The use of `echo` method is deprecated
Mar-21 12:31:51.377 [PathVisitor-1] DEBUG nextflow.file.PathVisitor - files for syntax: glob; folder: ../test_data/; pattern: *.fq; options: [:]
Mar-21 12:31:51.498 [main] DEBUG nextflow.script.ScriptRunner - > Await termination 
Mar-21 12:31:51.498 [main] DEBUG nextflow.Session - Session await
Mar-21 12:31:51.499 [main] DEBUG nextflow.Session - Session await > all process finished
Mar-21 12:31:51.499 [main] DEBUG nextflow.Session - Session await > all barriers passed
Mar-21 12:31:51.510 [main] DEBUG nextflow.trace.WorkflowStatsObserver - Workflow completed > WorkflowStats[succeededCount=0; failedCount=0; ignoredCount=0; cachedCount=0; pendingCount=0; submittedCount=0; runningCount=0; retriesCount=0; abortedCount=0; succeedDuration=0ms; failedDuration=0ms; cachedDuration=0ms;loadCpus=0; loadMemory=0; peakRunning=0; peakCpus=0; peakMemory=0; ]
Mar-21 12:31:51.610 [main] DEBUG nextflow.CacheDB - Closing CacheDB done
Mar-21 12:31:51.647 [main] DEBUG nextflow.script.ScriptRunner - > Execution complete -- Goodbye
