[2024-07-30 14:01:14,340] multiqc                                            [DEBUG  ]  This is MultiQC v1.18
[2024-07-30 14:01:14,341] multiqc                                            [DEBUG  ]  Loading config settings from: config
[2024-07-30 14:01:14,341] multiqc                                            [DEBUG  ]  New config: {'title': 'Nextflow RNA-seq', 'subtitle': 'A pipeline for quantification of genomic features from short read data', 'report_header_info': [{'Contact E-mail': 'tiezhengyuan@hotmail.com'}, {'Application Type': 'RNA-seq'}, {'Project Type': 'Nextflow'}], 'custom_logo_url': 'https://www.nextflow.io', 'custom_logo_title': 'Bioinformatics'}
[2024-07-30 14:01:14,341] multiqc                                            [DEBUG  ]  Command used: /usr/bin/multiqc -c config -o multiqc_report.html ggal_gut
[2024-07-30 14:01:20,336] multiqc                                            [WARNING]  MultiQC Version v1.23 now available!
[2024-07-30 14:01:20,336] multiqc                                            [DEBUG  ]  Working dir : /home/yuan/bio/nextflow/work/e1/4563e42f53279a364c3e00ec5b8a4c
[2024-07-30 14:01:20,336] multiqc                                            [DEBUG  ]  Template    : default
[2024-07-30 14:01:20,336] multiqc                                            [DEBUG  ]  Running Python 3.12.3 (main, Apr 10 2024, 05:33:47) [GCC 13.2.0]
[2024-07-30 14:01:20,337] multiqc                                            [INFO   ]  Report title: Nextflow RNA-seq
[2024-07-30 14:01:20,338] multiqc                                            [DEBUG  ]  Analysing modules: custom_content, ccs, ngsderive, purple, conpair, lima, peddy, somalier, methylQA, mosdepth, phantompeakqualtools, qualimap, preseq, hifiasm, quast, qorts, rna_seqc, rockhopper, rsem, rseqc, busco, bustools, goleft_indexcov, gffcompare, disambiguate, supernova, deeptools, sargasso, verifybamid, mirtrace, happy, mirtop, sambamba, gopeaks, homer, hops, macs2, theta2, snpeff, gatk, htseq, bcftools, featureCounts, fgbio, dragen, dragen_fastqc, dedup, pbmarkdup, damageprofiler, mapdamage, biobambam2, jcvi, mtnucratio, picard, vep, bakta, prokka, qc3C, nanostat, samblaster, samtools, sexdeterrmine, seqera_cli, eigenstratdatabasetools, bamtools, jellyfish, vcftools, longranger, stacks, varscan2, snippy, umitools, truvari, bbmap, bismark, biscuit, diamond, hicexplorer, hicup, hicpro, salmon, kallisto, slamdunk, star, hisat2, tophat, bowtie2, bowtie1, cellranger, snpsplit, odgi, pangolin, nextclade, freyja, humid, kat, leehom, librarian, adapterRemoval, bbduk, clipandmerge, cutadapt, flexbar, sourmash, kaiju, bracken, kraken, malt, motus, trimmomatic, sickle, skewer, sortmerna, biobloomtools, fastq_screen, afterqc, fastp, fastqc, filtlong, prinseqplusplus, pychopper, porechop, pycoqc, minionqc, anglerfish, multivcfanalyzer, clusterflow, checkqc, bcl2fastq, bclconvert, interop, ivar, flash, seqyclean, optitype, whatshap, xenome, xengsort
[2024-07-30 14:01:20,338] multiqc                                            [DEBUG  ]  Using temporary directory for creating report: /tmp/tmpec4wvc92
[2024-07-30 14:01:20,339] multiqc                                            [INFO   ]  Search path : /home/yuan/bio/nextflow/work/e1/4563e42f53279a364c3e00ec5b8a4c/ggal_gut
[2024-07-30 14:01:20,365] multiqc                                            [DEBUG  ]  Summary of files that were skipped by the search: [skipped_no_match: 9] // [skipped_module_specific_max_filesize: 5]
[2024-07-30 14:01:20,498] multiqc.plots.bargraph                             [DEBUG  ]  Using matplotlib version 3.6.3
[2024-07-30 14:01:20,498] multiqc.plots.linegraph                            [DEBUG  ]  Using matplotlib version 3.6.3
[2024-07-30 14:01:20,499] multiqc                                            [DEBUG  ]  No samples found: custom_content
[2024-07-30 14:01:20,499] multiqc.modules.salmon.salmon                      [INFO   ]  Found 1 meta reports
[2024-07-30 14:01:20,499] multiqc.modules.salmon.salmon                      [INFO   ]  Found 1 fragment length distributions
[2024-07-30 14:01:20,501] multiqc.utils.software_versions                    [DEBUG  ]  Reading software versions from config.software_versions
[2024-07-30 14:01:20,502] multiqc                                            [DEBUG  ]  Compressing plot data
[2024-07-30 14:01:20,506] multiqc                                            [INFO   ]  Report      : multiqc_report.html/Nextflow-RNA-seq_multiqc_report.html
[2024-07-30 14:01:20,506] multiqc                                            [INFO   ]  Data        : multiqc_report.html/Nextflow-RNA-seq_multiqc_report_data
[2024-07-30 14:01:20,506] multiqc                                            [DEBUG  ]  Moving data file from '/tmp/tmpec4wvc92/multiqc_data' to 'multiqc_report.html/Nextflow-RNA-seq_multiqc_report_data'
[2024-07-30 14:01:20,507] multiqc                                            [DEBUG  ]  Full report path: /home/yuan/bio/nextflow/work/e1/4563e42f53279a364c3e00ec5b8a4c/multiqc_report.html/Nextflow-RNA-seq_multiqc_report.html
[2024-07-30 14:01:20,517] multiqc                                            [ERROR  ]  Could not include file 'assets/js/packages/jszip.min.js': [Errno 2] No such file or directory: '/tmp/tmpec4wvc92/assets/js/packages/jszip.min.js'
[2024-07-30 14:01:20,537] multiqc                                            [INFO   ]  MultiQC complete
