Mar-21 09:25:01.579 [main] DEBUG nextflow.cli.Launcher - $> nextflow run dynamicsFiles2.nf
Mar-21 09:25:01.736 [main] INFO  nextflow.cli.CmdRun - N E X T F L O W  ~  version 20.01.0
Mar-21 09:25:01.754 [main] INFO  nextflow.cli.CmdRun - Launching `dynamicsFiles2.nf` [sad_keller] - revision: da189e05c5
Mar-21 09:25:01.904 [main] DEBUG nextflow.Session - Session uuid: 6a9c532e-c1a8-41c0-a2cb-85aafa3c5a3b
Mar-21 09:25:01.904 [main] DEBUG nextflow.Session - Run name: sad_keller
Mar-21 09:25:01.907 [main] DEBUG nextflow.Session - Executor pool size: 8
Mar-21 09:25:01.960 [main] DEBUG nextflow.cli.CmdRun - 
  Version: 20.01.0 build 5264
  Created: 12-02-2020 10:14 UTC (05:14 EDT)
  System: Linux 4.15.0-20-generic
  Runtime: Groovy 2.5.8 on OpenJDK 64-Bit Server VM 11.0.6+10-post-Ubuntu-1ubuntu118.04.1
  Encoding: UTF-8 (UTF-8)
  Process: 22581@yuan-desktop [127.0.1.1]
  CPUs: 8 - Mem: 15.6 GB (3.3 GB) - Swap: 372.5 GB (372.5 GB)
Mar-21 09:25:01.999 [main] DEBUG nextflow.Session - Work-dir: /home/yuan/project/nextflow/nf_toFile/work [ext2/ext3]
Mar-21 09:25:02.000 [main] DEBUG nextflow.Session - Script base path does not exist or is not a directory: /home/yuan/project/nextflow/nf_toFile/bin
Mar-21 09:25:02.051 [main] DEBUG nextflow.Session - Observer factory: TowerFactory
Mar-21 09:25:02.054 [main] DEBUG nextflow.Session - Observer factory: DefaultObserverFactory
Mar-21 09:25:02.368 [main] DEBUG nextflow.Session - Session start invoked
Mar-21 09:25:02.878 [main] DEBUG nextflow.script.ScriptRunner - > Launching execution
Mar-21 09:25:02.899 [main] DEBUG nextflow.Session - Workflow process names [dsl1]: 
Mar-21 09:25:02.960 [main] DEBUG nextflow.Session - Session aborted -- Cause: No such property: it for class: Script_db0e1d89
Mar-21 09:25:02.978 [main] ERROR nextflow.cli.Launcher - @unknown
groovy.lang.MissingPropertyException: No such property: it for class: Script_db0e1d89
	at org.codehaus.groovy.runtime.ScriptBytecodeAdapter.unwrap(ScriptBytecodeAdapter.java:65)
	at org.codehaus.groovy.runtime.callsite.PogoGetPropertySite.getProperty(PogoGetPropertySite.java:51)
	at org.codehaus.groovy.runtime.callsite.AbstractCallSite.callGroovyObjectGetProperty(AbstractCallSite.java:309)
	at Script_db0e1d89.runScript(Script_db0e1d89:1)
	at nextflow.script.BaseScript.runDsl1(BaseScript.groovy:153)
	at nextflow.script.BaseScript.run(BaseScript.groovy:189)
	at nextflow.script.ScriptParser.runScript(ScriptParser.groovy:225)
	at nextflow.script.ScriptRunner.run(ScriptRunner.groovy:218)
	at nextflow.script.ScriptRunner.execute(ScriptRunner.groovy:126)
	at nextflow.cli.CmdRun.run(CmdRun.groovy:273)
	at nextflow.cli.Launcher.run(Launcher.groovy:460)
	at nextflow.cli.Launcher.main(Launcher.groovy:642)
